<?xml version="1.0" encoding="UTF-8"?>
<!-- Generated by org.testng.reporters.JUnitXMLReporter -->
<testsuite ignored="0" hostname="Saranya-Laptop" failures="0" tests="21" name="TestRunner" time="28.631" errors="0" timestamp="2022-09-19T16:12:18 IST">
  <testcase classname="Testcases.validGetSingleUser" name="f" time="1.779"/>
  <testcase classname="Testcases.validGetListUser" name="f" time="0.537"/>
  <testcase classname="Testcases.invalidSingleUser" name="f" time="0.524"/>
  <testcase classname="Testcases.validGetSingleResource" name="f" time="2.005"/>
  <testcase classname="Testcases.validGetListResource" name="f" time="0.486"/>
  <testcase classname="Testcases.invalidGetSingleUser" name="f" time="0.877"/>
  <testcase classname="Testcases.validPost" name="f" time="2.176"/>
  <testcase classname="Testcases.validGetDelayresponse" name="f" time="3.92"/>
  <testcase classname="Testcases.ValidPostRegistersuccess" name="f" time="1.199"/>
  <testcase classname="Testcases.invalidPostRegister" name="f" time="1.026"/>
  <testcase classname="Testcases.validPostLogin" name="f" time="1.131"/>
  <testcase classname="Testcases.invalidPostLogin" name="f" time="1.014"/>
  <testcase classname="Testcases.validPut" name="f" time="1.123"/>
  <testcase classname="Testcases.validPut1" name="f" time="1.249"/>
  <testcase classname="Testcases.validdelete" name="f" time="0.886"/>
  <testcase classname="Testcases.invaliddelete" name="f" time="1.084"/>
  <testcase classname="Testcases.invalidpostemail" name="f" time="2.662"/>
  <testcase classname="Testcases.invalidpostmisspass" name="f" time="1.305"/>
  <testcase classname="Testcases.invalidpostwrongemail" name="f" time="1.215"/>
  <testcase classname="Testcases.invalidpostwrongpass" name="f" time="1.151"/>
  <testcase classname="Testcases.invalidput" name="f" time="1.232"/>
</testsuite> <!-- TestRunner -->
